<?xml version="1.0" encoding="windows-1252" standalone="no"?>
<!DOCTYPE log SYSTEM "logger.dtd">
<log>
<record>
  <date>2018-06-13T08:19:42.728309100Z</date>
  <millis>1528877982728</millis>
  <nanos>309100</nanos>
  <sequence>0</sequence>
  <logger>global</logger>
  <level>INFO</level>
  <class>MyLogger</class>
  <method>setLogger</method>
  <thread>1</thread>
  <message>Finnest message: Logger with DEFAULT FORMATTER</message>
</record>
Juni 13, 2018 10:19:42 VORM. MyLogger writeInfo
INFORMATION: 9095.00817     |23.31, 14.55|24.43, 22.34|16.54, 32.38|6.88, 35.32|4.57, 34.05|7.35, 33.39|6.51, 34.02|8.0, 31.38|15.24, 28.06|5.45, 35.48|
Juni 13, 2018 10:19:42 VORM. MyLogger writeInfo
INFORMATION: 7605.09175     |23.31, 14.55|24.43, 22.34|16.54, 32.38|6.88, 35.32|4.57, 34.05|7.35, 33.39|6.51, 34.02|8.0, 31.38|5.45, 35.48|15.24, 28.06|
Juni 13, 2018 10:19:42 VORM. MyLogger writeInfo
INFORMATION: 8917.23687     |23.31, 14.55|24.43, 22.34|15.24, 28.06|4.57, 34.05|6.51, 34.02|8.0, 31.38|16.54, 32.38|6.88, 35.32|7.35, 33.39|5.45, 35.48|
Juni 13, 2018 10:19:42 VORM. MyLogger writeInfo
INFORMATION: 7342.41585     |16.54, 32.38|15.24, 28.06|24.43, 22.34|23.31, 14.55|4.57, 34.05|7.35, 33.39|6.51, 34.02|6.88, 35.32|5.45, 35.48|8.0, 31.38|
Juni 13, 2018 10:19:42 VORM. MyLogger writeInfo
INFORMATION: 7554.7701     |24.43, 22.34|8.0, 31.38|6.88, 35.32|5.45, 35.48|6.51, 34.02|4.57, 34.05|7.35, 33.39|15.24, 28.06|16.54, 32.38|23.31, 14.55|
Juni 13, 2018 10:19:42 VORM. MyLogger writeInfo
INFORMATION: 7135.02219     |24.43, 22.34|23.31, 14.55|4.57, 34.05|5.45, 35.48|6.88, 35.32|7.35, 33.39|6.51, 34.02|8.0, 31.38|16.54, 32.38|15.24, 28.06|
Juni 13, 2018 10:19:42 VORM. MyLogger writeInfo
INFORMATION: 9095.00817     |23.31, 14.55|24.43, 22.34|16.54, 32.38|6.88, 35.32|4.57, 34.05|7.35, 33.39|6.51, 34.02|8.0, 31.38|15.24, 28.06|5.45, 35.48|
Juni 13, 2018 10:19:42 VORM. MyLogger writeInfo
INFORMATION: 7546.01131     |16.54, 32.38|15.24, 28.06|24.43, 22.34|23.31, 14.55|4.57, 34.05|7.35, 33.39|8.0, 31.38|6.51, 34.02|6.88, 35.32|5.45, 35.48|
Juni 13, 2018 10:19:42 VORM. MyLogger writeInfo
INFORMATION: 8709.59811     |23.31, 14.55|24.43, 22.34|5.45, 35.48|16.54, 32.38|6.88, 35.32|4.57, 34.05|7.35, 33.39|6.51, 34.02|8.0, 31.38|15.24, 28.06|
Juni 13, 2018 10:19:42 VORM. MyLogger writeInfo
INFORMATION: 8487.49514     |23.31, 14.55|15.24, 28.06|8.0, 31.38|7.35, 33.39|5.45, 35.48|4.57, 34.05|16.54, 32.38|6.88, 35.32|6.51, 34.02|24.43, 22.34|
Juni 13, 2018 10:19:42 VORM. MyLogger writeInfo
INFORMATION: 6903.44662     |23.31, 14.55|24.43, 22.34|16.54, 32.38|5.45, 35.48|6.88, 35.32|4.57, 34.05|7.35, 33.39|6.51, 34.02|8.0, 31.38|15.24, 28.06|
Juni 13, 2018 10:19:42 VORM. MyLogger writeInfo
INFORMATION: 7422.37533     |23.31, 14.55|24.43, 22.34|16.54, 32.38|6.88, 35.32|4.57, 34.05|6.51, 34.02|8.0, 31.38|5.45, 35.48|7.35, 33.39|15.24, 28.06|
Juni 13, 2018 10:19:42 VORM. MyLogger writeInfo
INFORMATION: 8535.33593     |16.54, 32.38|5.45, 35.48|6.88, 35.32|15.24, 28.06|24.43, 22.34|23.31, 14.55|4.57, 34.05|6.51, 34.02|7.35, 33.39|8.0, 31.38|
Juni 13, 2018 10:19:42 VORM. MyLogger writeInfo
INFORMATION: 7746.53511     |23.31, 14.55|16.54, 32.38|6.88, 35.32|4.57, 34.05|7.35, 33.39|6.51, 34.02|8.0, 31.38|5.45, 35.48|15.24, 28.06|24.43, 22.34|
Juni 13, 2018 10:19:42 VORM. MyLogger writeInfo
INFORMATION: 8612.64277     |23.31, 14.55|24.43, 22.34|16.54, 32.38|6.51, 34.02|4.57, 34.05|6.88, 35.32|5.45, 35.48|15.24, 28.06|7.35, 33.39|8.0, 31.38|
Juni 13, 2018 10:19:42 VORM. MyLogger writeInfo
INFORMATION: 8640.09001     |23.31, 14.55|24.43, 22.34|8.0, 31.38|5.45, 35.48|6.51, 34.02|4.57, 34.05|16.54, 32.38|6.88, 35.32|7.35, 33.39|15.24, 28.06|
Juni 13, 2018 10:19:42 VORM. MyLogger writeInfo
INFORMATION: 8823.34855     |16.54, 32.38|6.51, 34.02|7.35, 33.39|4.57, 34.05|15.24, 28.06|24.43, 22.34|23.31, 14.55|6.88, 35.32|5.45, 35.48|8.0, 31.38|
Juni 13, 2018 10:19:42 VORM. MyLogger writeInfo
INFORMATION: 7785.21218     |5.45, 35.48|6.51, 34.02|4.57, 34.05|16.54, 32.38|15.24, 28.06|24.43, 22.34|23.31, 14.55|6.88, 35.32|7.35, 33.39|8.0, 31.38|
Juni 13, 2018 10:19:42 VORM. MyLogger writeInfo
INFORMATION: 8842.0767     |6.51, 34.02|4.57, 34.05|16.54, 32.38|5.45, 35.48|8.0, 31.38|15.24, 28.06|24.43, 22.34|23.31, 14.55|6.88, 35.32|7.35, 33.39|
Juni 13, 2018 10:19:42 VORM. MyLogger writeInfo
INFORMATION: 8413.22153     |7.35, 33.39|6.51, 34.02|4.57, 34.05|16.54, 32.38|5.45, 35.48|6.88, 35.32|15.24, 28.06|24.43, 22.34|23.31, 14.55|8.0, 31.38|
Juni 13, 2018 10:19:42 VORM. MyLogger writeInfo
INFORMATION: 9095.00817     |23.31, 14.55|24.43, 22.34|16.54, 32.38|6.88, 35.32|4.57, 34.05|7.35, 33.39|6.51, 34.02|8.0, 31.38|15.24, 28.06|5.45, 35.48|
Juni 13, 2018 10:19:42 VORM. MyLogger writeInfo
INFORMATION: 7612.72516     |7.35, 33.39|6.51, 34.02|4.57, 34.05|16.54, 32.38|15.24, 28.06|24.43, 22.34|23.31, 14.55|6.88, 35.32|5.45, 35.48|8.0, 31.38|
Juni 13, 2018 10:19:42 VORM. MyLogger writeInfo
INFORMATION: 8153.91266     |23.31, 14.55|24.43, 22.34|16.54, 32.38|15.24, 28.06|4.57, 34.05|7.35, 33.39|6.51, 34.02|8.0, 31.38|6.88, 35.32|5.45, 35.48|
Juni 13, 2018 10:19:42 VORM. MyLogger writeInfo
INFORMATION: 8412.18126     |24.43, 22.34|8.0, 31.38|5.45, 35.48|6.51, 34.02|4.57, 34.05|6.88, 35.32|16.54, 32.38|7.35, 33.39|15.24, 28.06|23.31, 14.55|
Juni 13, 2018 10:19:43 VORM. MyLogger writeInfo
INFORMATION: 8585.99194     |24.43, 22.34|5.45, 35.48|4.57, 34.05|16.54, 32.38|6.51, 34.02|6.88, 35.32|7.35, 33.39|8.0, 31.38|15.24, 28.06|23.31, 14.55|
Juni 13, 2018 10:19:43 VORM. MyLogger writeInfo
INFORMATION: 8709.59811     |23.31, 14.55|24.43, 22.34|5.45, 35.48|16.54, 32.38|6.88, 35.32|4.57, 34.05|7.35, 33.39|6.51, 34.02|8.0, 31.38|15.24, 28.06|
Juni 13, 2018 10:19:43 VORM. MyLogger writeInfo
INFORMATION: 8896.94538     |24.43, 22.34|5.45, 35.48|16.54, 32.38|4.57, 34.05|7.35, 33.39|6.88, 35.32|6.51, 34.02|8.0, 31.38|15.24, 28.06|23.31, 14.55|
Juni 13, 2018 10:19:43 VORM. MyLogger writeInfo
INFORMATION: 9095.00817     |23.31, 14.55|24.43, 22.34|16.54, 32.38|6.88, 35.32|4.57, 34.05|7.35, 33.39|6.51, 34.02|8.0, 31.38|15.24, 28.06|5.45, 35.48|
Juni 13, 2018 10:19:43 VORM. MyLogger writeInfo
INFORMATION: 8900.69125     |23.31, 14.55|24.43, 22.34|16.54, 32.38|6.88, 35.32|4.57, 34.05|7.35, 33.39|8.0, 31.38|15.24, 28.06|5.45, 35.48|6.51, 34.02|
Juni 13, 2018 10:19:43 VORM. MyLogger writeInfo
INFORMATION: 7597.70607     |7.35, 33.39|4.57, 34.05|6.51, 34.02|16.54, 32.38|15.24, 28.06|24.43, 22.34|23.31, 14.55|6.88, 35.32|5.45, 35.48|8.0, 31.38|
Juni 13, 2018 10:19:43 VORM. MyLogger writeInfo
INFORMATION: 7533.99832     |24.43, 22.34|23.31, 14.55|5.45, 35.48|6.88, 35.32|4.57, 34.05|7.35, 33.39|6.51, 34.02|8.0, 31.38|15.24, 28.06|16.54, 32.38|
Juni 13, 2018 10:19:43 VORM. MyLogger writeInfo
INFORMATION: 8237.7892     |8.0, 31.38|6.51, 34.02|6.88, 35.32|5.45, 35.48|4.57, 34.05|16.54, 32.38|7.35, 33.39|15.24, 28.06|23.31, 14.55|24.43, 22.34|
Juni 13, 2018 10:19:43 VORM. MyLogger writeInfo
INFORMATION: 8073.81695     |23.31, 14.55|24.43, 22.34|16.54, 32.38|15.24, 28.06|6.88, 35.32|4.57, 34.05|6.51, 34.02|7.35, 33.39|8.0, 31.38|5.45, 35.48|
Juni 13, 2018 10:19:43 VORM. MyLogger writeInfo
INFORMATION: 7914.28667     |7.35, 33.39|5.45, 35.48|8.0, 31.38|4.57, 34.05|6.51, 34.02|16.54, 32.38|15.24, 28.06|24.43, 22.34|23.31, 14.55|6.88, 35.32|
Juni 13, 2018 10:19:43 VORM. MyLogger writeInfo
INFORMATION: 9095.00817     |23.31, 14.55|24.43, 22.34|16.54, 32.38|6.88, 35.32|4.57, 34.05|7.35, 33.39|6.51, 34.02|8.0, 31.38|15.24, 28.06|5.45, 35.48|
Juni 13, 2018 10:19:43 VORM. MyLogger writeInfo
INFORMATION: 8942.67283     |16.54, 32.38|5.45, 35.48|7.35, 33.39|6.88, 35.32|24.43, 22.34|23.31, 14.55|15.24, 28.06|4.57, 34.05|6.51, 34.02|8.0, 31.38|
Juni 13, 2018 10:19:43 VORM. MyLogger writeInfo
INFORMATION: 9095.00817     |23.31, 14.55|24.43, 22.34|16.54, 32.38|6.88, 35.32|4.57, 34.05|7.35, 33.39|6.51, 34.02|8.0, 31.38|15.24, 28.06|5.45, 35.48|
Juni 13, 2018 10:19:43 VORM. MyLogger writeInfo
INFORMATION: 7916.46669     |7.35, 33.39|6.51, 34.02|5.45, 35.48|8.0, 31.38|4.57, 34.05|16.54, 32.38|15.24, 28.06|24.43, 22.34|23.31, 14.55|6.88, 35.32|
Juni 13, 2018 10:19:43 VORM. MyLogger writeInfo
INFORMATION: 9095.00817     |23.31, 14.55|24.43, 22.34|16.54, 32.38|6.88, 35.32|4.57, 34.05|7.35, 33.39|6.51, 34.02|8.0, 31.38|15.24, 28.06|5.45, 35.48|
Juni 13, 2018 10:19:43 VORM. MyLogger writeInfo
INFORMATION: 9095.00817     |23.31, 14.55|24.43, 22.34|16.54, 32.38|6.88, 35.32|4.57, 34.05|7.35, 33.39|6.51, 34.02|8.0, 31.38|15.24, 28.06|5.45, 35.48|
Juni 13, 2018 10:19:43 VORM. MyLogger writeInfo
INFORMATION: 8965.28133     |23.31, 14.55|24.43, 22.34|6.88, 35.32|4.57, 34.05|7.35, 33.39|6.51, 34.02|16.54, 32.38|8.0, 31.38|5.45, 35.48|15.24, 28.06|
Juni 13, 2018 10:19:43 VORM. MyLogger writeInfo
INFORMATION: 9095.00817     |23.31, 14.55|24.43, 22.34|16.54, 32.38|6.88, 35.32|4.57, 34.05|7.35, 33.39|6.51, 34.02|8.0, 31.38|15.24, 28.06|5.45, 35.48|
Juni 13, 2018 10:19:43 VORM. MyLogger writeInfo
INFORMATION: 9095.00817     |23.31, 14.55|24.43, 22.34|16.54, 32.38|6.88, 35.32|4.57, 34.05|7.35, 33.39|6.51, 34.02|8.0, 31.38|15.24, 28.06|5.45, 35.48|
Juni 13, 2018 10:19:43 VORM. MyLogger writeInfo
INFORMATION: 6698.1954     |23.31, 14.55|24.43, 22.34|16.54, 32.38|6.88, 35.32|5.45, 35.48|4.57, 34.05|7.35, 33.39|6.51, 34.02|8.0, 31.38|15.24, 28.06|
Juni 13, 2018 10:19:43 VORM. MyLogger writeInfo
INFORMATION: 7786.92471     |24.43, 22.34|5.45, 35.48|6.51, 34.02|8.0, 31.38|6.88, 35.32|4.57, 34.05|7.35, 33.39|16.54, 32.38|15.24, 28.06|23.31, 14.55|
Juni 13, 2018 10:19:43 VORM. MyLogger writeInfo
INFORMATION: 9001.4016     |23.31, 14.55|24.43, 22.34|16.54, 32.38|7.35, 33.39|6.88, 35.32|4.57, 34.05|6.51, 34.02|15.24, 28.06|5.45, 35.48|8.0, 31.38|
Juni 13, 2018 10:19:43 VORM. MyLogger writeInfo
INFORMATION: 7357.84337     |7.35, 33.39|6.51, 34.02|16.54, 32.38|15.24, 28.06|24.43, 22.34|23.31, 14.55|6.88, 35.32|5.45, 35.48|4.57, 34.05|8.0, 31.38|
Juni 13, 2018 10:19:43 VORM. MyLogger writeInfo
INFORMATION: 9095.00817     |23.31, 14.55|24.43, 22.34|16.54, 32.38|6.88, 35.32|4.57, 34.05|7.35, 33.39|6.51, 34.02|8.0, 31.38|15.24, 28.06|5.45, 35.48|
Juni 13, 2018 10:19:43 VORM. MyLogger writeInfo
INFORMATION: 9095.00817     |23.31, 14.55|24.43, 22.34|16.54, 32.38|6.88, 35.32|4.57, 34.05|7.35, 33.39|6.51, 34.02|8.0, 31.38|15.24, 28.06|5.45, 35.48|
Juni 13, 2018 10:19:43 VORM. MyLogger writeInfo
INFORMATION: 8709.59811     |5.45, 35.48|16.54, 32.38|6.88, 35.32|4.57, 34.05|7.35, 33.39|6.51, 34.02|8.0, 31.38|15.24, 28.06|23.31, 14.55|24.43, 22.34|
Juni 13, 2018 10:19:43 VORM. MyLogger writeInfo
INFORMATION: 9095.00817     |23.31, 14.55|24.43, 22.34|16.54, 32.38|6.88, 35.32|4.57, 34.05|7.35, 33.39|6.51, 34.02|8.0, 31.38|15.24, 28.06|5.45, 35.48|
Juni 13, 2018 10:19:43 VORM. MyLogger writeInfo
INFORMATION: 7340.00987     |24.43, 22.34|16.54, 32.38|4.57, 34.05|8.0, 31.38|6.51, 34.02|5.45, 35.48|6.88, 35.32|7.35, 33.39|15.24, 28.06|23.31, 14.55|
Juni 13, 2018 10:19:43 VORM. MyLogger writeInfo
INFORMATION: 8764.30983     |23.31, 14.55|16.54, 32.38|5.45, 35.48|6.88, 35.32|4.57, 34.05|6.51, 34.02|8.0, 31.38|15.24, 28.06|7.35, 33.39|24.43, 22.34|
Juni 13, 2018 10:19:43 VORM. MyLogger writeInfo
INFORMATION: 7605.09175     |23.31, 14.55|24.43, 22.34|16.54, 32.38|6.88, 35.32|4.57, 34.05|7.35, 33.39|6.51, 34.02|8.0, 31.38|5.45, 35.48|15.24, 28.06|
Juni 13, 2018 10:19:43 VORM. MyLogger writeInfo
INFORMATION: 8990.89045     |15.24, 28.06|8.0, 31.38|5.45, 35.48|6.51, 34.02|16.54, 32.38|24.43, 22.34|23.31, 14.55|6.88, 35.32|4.57, 34.05|7.35, 33.39|
Juni 13, 2018 10:19:43 VORM. MyLogger writeInfo
INFORMATION: 8971.11937     |4.57, 34.05|7.35, 33.39|6.51, 34.02|16.54, 32.38|8.0, 31.38|5.45, 35.48|15.24, 28.06|24.43, 22.34|23.31, 14.55|6.88, 35.32|
Juni 13, 2018 10:19:43 VORM. MyLogger writeInfo
INFORMATION: 8653.95477     |16.54, 32.38|4.57, 34.05|7.35, 33.39|6.51, 34.02|8.0, 31.38|15.24, 28.06|24.43, 22.34|23.31, 14.55|6.88, 35.32|5.45, 35.48|
Juni 13, 2018 10:19:43 VORM. MyLogger writeInfo
INFORMATION: 9095.00817     |23.31, 14.55|24.43, 22.34|16.54, 32.38|6.88, 35.32|4.57, 34.05|7.35, 33.39|6.51, 34.02|8.0, 31.38|15.24, 28.06|5.45, 35.48|
Juni 13, 2018 10:19:43 VORM. MyLogger writeInfo
INFORMATION: 7175.20509     |23.31, 14.55|16.54, 32.38|6.88, 35.32|4.57, 34.05|6.51, 34.02|7.35, 33.39|5.45, 35.48|8.0, 31.38|15.24, 28.06|24.43, 22.34|
Juni 13, 2018 10:19:43 VORM. MyLogger writeInfo
INFORMATION: 8406.63199     |24.43, 22.34|5.45, 35.48|4.57, 34.05|6.88, 35.32|16.54, 32.38|7.35, 33.39|6.51, 34.02|8.0, 31.38|15.24, 28.06|23.31, 14.55|
Juni 13, 2018 10:19:43 VORM. MyLogger writeInfo
INFORMATION: 7612.72516     |7.35, 33.39|6.51, 34.02|4.57, 34.05|16.54, 32.38|15.24, 28.06|24.43, 22.34|23.31, 14.55|6.88, 35.32|5.45, 35.48|8.0, 31.38|
Juni 13, 2018 10:19:43 VORM. MyLogger writeInfo
INFORMATION: 9095.00817     |23.31, 14.55|24.43, 22.34|16.54, 32.38|6.88, 35.32|4.57, 34.05|7.35, 33.39|6.51, 34.02|8.0, 31.38|15.24, 28.06|5.45, 35.48|
Juni 13, 2018 10:19:43 VORM. MyLogger writeInfo
INFORMATION: 9095.00817     |23.31, 14.55|24.43, 22.34|16.54, 32.38|6.88, 35.32|4.57, 34.05|7.35, 33.39|6.51, 34.02|8.0, 31.38|15.24, 28.06|5.45, 35.48|
Juni 13, 2018 10:19:43 VORM. MyLogger writeInfo
INFORMATION: 8640.09001     |24.43, 22.34|8.0, 31.38|5.45, 35.48|6.51, 34.02|4.57, 34.05|16.54, 32.38|6.88, 35.32|7.35, 33.39|15.24, 28.06|23.31, 14.55|
Juni 13, 2018 10:19:43 VORM. MyLogger writeInfo
INFORMATION: 9095.00817     |23.31, 14.55|24.43, 22.34|16.54, 32.38|6.88, 35.32|4.57, 34.05|7.35, 33.39|6.51, 34.02|8.0, 31.38|15.24, 28.06|5.45, 35.48|
Juni 13, 2018 10:19:43 VORM. MyLogger writeInfo
INFORMATION: 9095.00817     |23.31, 14.55|24.43, 22.34|16.54, 32.38|6.88, 35.32|4.57, 34.05|7.35, 33.39|6.51, 34.02|8.0, 31.38|15.24, 28.06|5.45, 35.48|
Juni 13, 2018 10:19:43 VORM. MyLogger writeInfo
INFORMATION: 6920.1785     |23.31, 14.55|16.54, 32.38|5.45, 35.48|6.88, 35.32|6.51, 34.02|4.57, 34.05|7.35, 33.39|8.0, 31.38|15.24, 28.06|24.43, 22.34|
Juni 13, 2018 10:19:43 VORM. MyLogger writeInfo
INFORMATION: 7539.80791     |4.57, 34.05|6.88, 35.32|5.45, 35.48|23.31, 14.55|24.43, 22.34|15.24, 28.06|16.54, 32.38|7.35, 33.39|6.51, 34.02|8.0, 31.38|
Juni 13, 2018 10:19:43 VORM. MyLogger writeInfo
INFORMATION: 8857.4155     |15.24, 28.06|8.0, 31.38|5.45, 35.48|6.88, 35.32|23.31, 14.55|24.43, 22.34|16.54, 32.38|6.51, 34.02|4.57, 34.05|7.35, 33.39|
Juni 13, 2018 10:19:43 VORM. MyLogger writeInfo
INFORMATION: 9095.00817     |23.31, 14.55|24.43, 22.34|16.54, 32.38|6.88, 35.32|4.57, 34.05|7.35, 33.39|6.51, 34.02|8.0, 31.38|15.24, 28.06|5.45, 35.48|
Juni 13, 2018 10:19:43 VORM. MyLogger writeInfo
INFORMATION: 9095.00817     |23.31, 14.55|24.43, 22.34|16.54, 32.38|6.88, 35.32|4.57, 34.05|7.35, 33.39|6.51, 34.02|8.0, 31.38|15.24, 28.06|5.45, 35.48|
Juni 13, 2018 10:19:43 VORM. MyLogger writeInfo
INFORMATION: 7552.76887     |4.57, 34.05|23.31, 14.55|24.43, 22.34|15.24, 28.06|16.54, 32.38|6.51, 34.02|6.88, 35.32|5.45, 35.48|7.35, 33.39|8.0, 31.38|
Juni 13, 2018 10:19:43 VORM. MyLogger writeInfo
INFORMATION: 8923.01654     |24.43, 22.34|6.88, 35.32|5.45, 35.48|8.0, 31.38|6.51, 34.02|4.57, 34.05|16.54, 32.38|7.35, 33.39|15.24, 28.06|23.31, 14.55|
Juni 13, 2018 10:19:43 VORM. MyLogger writeInfo
INFORMATION: 7746.53511     |15.24, 28.06|24.43, 22.34|23.31, 14.55|16.54, 32.38|6.88, 35.32|4.57, 34.05|7.35, 33.39|6.51, 34.02|8.0, 31.38|5.45, 35.48|
Juni 13, 2018 10:19:43 VORM. MyLogger writeInfo
INFORMATION: 7471.86135     |23.31, 14.55|24.43, 22.34|16.54, 32.38|15.24, 28.06|6.51, 34.02|5.45, 35.48|6.88, 35.32|7.35, 33.39|4.57, 34.05|8.0, 31.38|
Juni 13, 2018 10:19:43 VORM. MyLogger writeInfo
INFORMATION: 7358.92587     |23.31, 14.55|24.43, 22.34|16.54, 32.38|6.88, 35.32|4.57, 34.05|8.0, 31.38|5.45, 35.48|6.51, 34.02|7.35, 33.39|15.24, 28.06|
Juni 13, 2018 10:19:43 VORM. MyLogger writeInfo
INFORMATION: 8965.58984     |7.35, 33.39|6.88, 35.32|16.54, 32.38|15.24, 28.06|4.57, 34.05|5.45, 35.48|6.51, 34.02|24.43, 22.34|23.31, 14.55|8.0, 31.38|
Juni 13, 2018 10:19:43 VORM. MyLogger writeInfo
INFORMATION: 9095.00817     |23.31, 14.55|24.43, 22.34|16.54, 32.38|6.88, 35.32|4.57, 34.05|7.35, 33.39|6.51, 34.02|8.0, 31.38|15.24, 28.06|5.45, 35.48|
Juni 13, 2018 10:19:43 VORM. MyLogger writeInfo
INFORMATION: 9095.00817     |23.31, 14.55|24.43, 22.34|16.54, 32.38|6.88, 35.32|4.57, 34.05|7.35, 33.39|6.51, 34.02|8.0, 31.38|15.24, 28.06|5.45, 35.48|
Juni 13, 2018 10:19:43 VORM. MyLogger writeInfo
INFORMATION: 9095.00817     |23.31, 14.55|24.43, 22.34|16.54, 32.38|6.88, 35.32|4.57, 34.05|7.35, 33.39|6.51, 34.02|8.0, 31.38|15.24, 28.06|5.45, 35.48|
Juni 13, 2018 10:19:43 VORM. MyLogger writeInfo
INFORMATION: 9095.00817     |23.31, 14.55|24.43, 22.34|16.54, 32.38|6.88, 35.32|4.57, 34.05|7.35, 33.39|6.51, 34.02|8.0, 31.38|15.24, 28.06|5.45, 35.48|
Juni 13, 2018 10:19:43 VORM. MyLogger writeInfo
INFORMATION: 9095.00817     |23.31, 14.55|24.43, 22.34|16.54, 32.38|6.88, 35.32|4.57, 34.05|7.35, 33.39|6.51, 34.02|8.0, 31.38|15.24, 28.06|5.45, 35.48|
Juni 13, 2018 10:19:43 VORM. MyLogger writeInfo
INFORMATION: 8265.16755     |16.54, 32.38|23.31, 14.55|24.43, 22.34|5.45, 35.48|8.0, 31.38|6.51, 34.02|4.57, 34.05|6.88, 35.32|7.35, 33.39|15.24, 28.06|
Juni 13, 2018 10:19:43 VORM. MyLogger writeInfo
INFORMATION: 9095.00817     |23.31, 14.55|24.43, 22.34|16.54, 32.38|6.88, 35.32|4.57, 34.05|7.35, 33.39|6.51, 34.02|8.0, 31.38|15.24, 28.06|5.45, 35.48|
Juni 13, 2018 10:19:43 VORM. MyLogger writeInfo
INFORMATION: 7459.57738     |23.31, 14.55|24.43, 22.34|16.54, 32.38|6.88, 35.32|8.0, 31.38|5.45, 35.48|6.51, 34.02|4.57, 34.05|7.35, 33.39|15.24, 28.06|
Juni 13, 2018 10:19:43 VORM. MyLogger writeInfo
INFORMATION: 9095.00817     |23.31, 14.55|24.43, 22.34|16.54, 32.38|6.88, 35.32|4.57, 34.05|7.35, 33.39|6.51, 34.02|8.0, 31.38|15.24, 28.06|5.45, 35.48|
Juni 13, 2018 10:19:43 VORM. MyLogger writeInfo
INFORMATION: 9095.00817     |23.31, 14.55|24.43, 22.34|16.54, 32.38|6.88, 35.32|4.57, 34.05|7.35, 33.39|6.51, 34.02|8.0, 31.38|15.24, 28.06|5.45, 35.48|
Juni 13, 2018 10:19:43 VORM. MyLogger writeInfo
INFORMATION: 8685.51813     |24.43, 22.34|5.45, 35.48|6.51, 34.02|4.57, 34.05|8.0, 31.38|16.54, 32.38|6.88, 35.32|7.35, 33.39|15.24, 28.06|23.31, 14.55|
Juni 13, 2018 10:19:43 VORM. MyLogger writeInfo
INFORMATION: 9095.00817     |23.31, 14.55|24.43, 22.34|16.54, 32.38|6.88, 35.32|4.57, 34.05|7.35, 33.39|6.51, 34.02|8.0, 31.38|15.24, 28.06|5.45, 35.48|
Juni 13, 2018 10:19:43 VORM. MyLogger writeInfo
INFORMATION: 7358.92587     |24.43, 22.34|16.54, 32.38|6.88, 35.32|4.57, 34.05|8.0, 31.38|5.45, 35.48|6.51, 34.02|7.35, 33.39|15.24, 28.06|23.31, 14.55|
Juni 13, 2018 10:19:43 VORM. MyLogger writeInfo
INFORMATION: 7913.67086     |7.35, 33.39|5.45, 35.48|6.51, 34.02|8.0, 31.38|4.57, 34.05|16.54, 32.38|15.24, 28.06|24.43, 22.34|23.31, 14.55|6.88, 35.32|
Juni 13, 2018 10:19:43 VORM. MyLogger writeInfo
INFORMATION: 7925.88499     |7.35, 33.39|5.45, 35.48|8.0, 31.38|6.51, 34.02|16.54, 32.38|15.24, 28.06|24.43, 22.34|23.31, 14.55|6.88, 35.32|4.57, 34.05|
Juni 13, 2018 10:19:43 VORM. MyLogger writeInfo
INFORMATION: 8651.03571     |24.43, 22.34|5.45, 35.48|6.88, 35.32|4.57, 34.05|7.35, 33.39|6.51, 34.02|16.54, 32.38|15.24, 28.06|8.0, 31.38|23.31, 14.55|
Juni 13, 2018 10:19:43 VORM. MyLogger writeInfo
INFORMATION: 9095.00817     |23.31, 14.55|24.43, 22.34|16.54, 32.38|6.88, 35.32|4.57, 34.05|7.35, 33.39|6.51, 34.02|8.0, 31.38|15.24, 28.06|5.45, 35.48|
Juni 13, 2018 10:19:43 VORM. MyLogger writeInfo
INFORMATION: 8855.6693     |8.0, 31.38|6.51, 34.02|5.45, 35.48|4.57, 34.05|16.54, 32.38|24.43, 22.34|23.31, 14.55|6.88, 35.32|7.35, 33.39|15.24, 28.06|
Juni 13, 2018 10:19:43 VORM. MyLogger writeInfo
INFORMATION: 8873.82525     |24.43, 22.34|8.0, 31.38|5.45, 35.48|16.54, 32.38|4.57, 34.05|7.35, 33.39|6.51, 34.02|6.88, 35.32|15.24, 28.06|23.31, 14.55|
Juni 13, 2018 10:19:43 VORM. MyLogger writeInfo
INFORMATION: 6898.39882     |23.31, 14.55|24.43, 22.34|16.54, 32.38|8.0, 31.38|4.57, 34.05|5.45, 35.48|6.88, 35.32|7.35, 33.39|6.51, 34.02|15.24, 28.06|
Juni 13, 2018 10:19:43 VORM. MyLogger writeInfo
INFORMATION: 9095.00817     |23.31, 14.55|24.43, 22.34|16.54, 32.38|6.88, 35.32|4.57, 34.05|7.35, 33.39|6.51, 34.02|8.0, 31.38|15.24, 28.06|5.45, 35.48|
Juni 13, 2018 10:19:43 VORM. MyLogger writeInfo
INFORMATION: 7151.11651     |23.31, 14.55|24.43, 22.34|16.54, 32.38|4.57, 34.05|6.88, 35.32|7.35, 33.39|6.51, 34.02|5.45, 35.48|8.0, 31.38|15.24, 28.06|
Juni 13, 2018 10:19:43 VORM. MyLogger writeInfo
INFORMATION: 6839.63876     |23.31, 14.55|16.54, 32.38|6.88, 35.32|5.45, 35.48|4.57, 34.05|7.35, 33.39|6.51, 34.02|8.0, 31.38|15.24, 28.06|24.43, 22.34|
